0 info it worked if it ends with ok
1 verbose cli [ 'C:\\Program Files\\nodejs\\node.exe',
1 verbose cli   'C:\\Program Files\\nodejs\\node_modules\\npm\\bin\\npm-cli.js',
1 verbose cli   'run',
1 verbose cli   'build' ]
2 info using npm@3.6.0
3 info using node@v5.6.0
4 verbose run-script [ 'prebuild', 'build', 'postbuild' ]
5 info lifecycle webpack-leaflet@1.0.0~prebuild: webpack-leaflet@1.0.0
6 silly lifecycle webpack-leaflet@1.0.0~prebuild: no script for prebuild, continuing
7 info lifecycle webpack-leaflet@1.0.0~build: webpack-leaflet@1.0.0
8 verbose lifecycle webpack-leaflet@1.0.0~build: unsafe-perm in lifecycle true
9 verbose lifecycle webpack-leaflet@1.0.0~build: PATH: D:\software\nvm\v5.6.0\node_modules\npm\bin\node-gyp-bin;E:\tianditu\formal\node_modules\.bin;C:\Users\Administrator\bin;D:\software\Git\mingw64\bin;D:\software\Git\usr\local\bin;D:\software\Git\usr\bin;D:\software\Git\usr\bin;D:\software\Git\mingw64\bin;D:\software\Git\usr\bin;C:\Users\Administrator\bin;C:\ProgramData\Oracle\Java\javapath;C:\Windows\system32;C:\Windows;C:\Windows\System32\Wbem;C:\Windows\System32\WindowsPowerShell\v1.0;C:\Windows\System32\OpenSSH;C:\Program Files (x86)\ATI Technologies\ATI.ACE\Core-Static;D:\software\nvm;C:\Program Files\nodejs;C:\Program Files\TortoiseSVN\bin;D:\software\Git\cmd;D:\software\apache-maven-3.5.4\bin;D:\software\jdk\bin;C:\Users\Administrator\AppData\Local\Microsoft\WindowsApps;D:\software\nvm;C:\Program Files\nodejs;D:\software\Git\usr\bin\vendor_perl;D:\software\Git\usr\bin\core_perl
10 verbose lifecycle webpack-leaflet@1.0.0~build: CWD: E:\tianditu\formal
11 silly lifecycle webpack-leaflet@1.0.0~build: Args: [ '/d /s /c', 'webpack --mode production' ]
12 silly lifecycle webpack-leaflet@1.0.0~build: Returned: code: 1  signal: null
13 info lifecycle webpack-leaflet@1.0.0~build: Failed to exec build script
14 verbose stack Error: webpack-leaflet@1.0.0 build: `webpack --mode production`
14 verbose stack Exit status 1
14 verbose stack     at EventEmitter.<anonymous> (D:\software\nvm\v5.6.0\node_modules\npm\lib\utils\lifecycle.js:232:16)
14 verbose stack     at emitTwo (events.js:100:13)
14 verbose stack     at EventEmitter.emit (events.js:185:7)
14 verbose stack     at ChildProcess.<anonymous> (D:\software\nvm\v5.6.0\node_modules\npm\lib\utils\spawn.js:24:14)
14 verbose stack     at emitTwo (events.js:100:13)
14 verbose stack     at ChildProcess.emit (events.js:185:7)
14 verbose stack     at maybeClose (internal/child_process.js:827:16)
14 verbose stack     at Process.ChildProcess._handle.onexit (internal/child_process.js:211:5)
15 verbose pkgid webpack-leaflet@1.0.0
16 verbose cwd E:\tianditu\formal
17 error Windows_NT 10.0.17134
18 error argv "C:\\Program Files\\nodejs\\node.exe" "C:\\Program Files\\nodejs\\node_modules\\npm\\bin\\npm-cli.js" "run" "build"
19 error node v5.6.0
20 error npm  v3.6.0
21 error code ELIFECYCLE
22 error webpack-leaflet@1.0.0 build: `webpack --mode production`
22 error Exit status 1
23 error Failed at the webpack-leaflet@1.0.0 build script 'webpack --mode production'.
23 error Make sure you have the latest version of node.js and npm installed.
23 error If you do, this is most likely a problem with the webpack-leaflet package,
23 error not with npm itself.
23 error Tell the author that this fails on your system:
23 error     webpack --mode production
23 error You can get information on how to open an issue for this project with:
23 error     npm bugs webpack-leaflet
23 error Or if that isn't available, you can get their info via:
23 error     npm owner ls webpack-leaflet
23 error There is likely additional logging output above.
24 verbose exit [ 1, true ]
